O
O O
O
O
O O
O O
O O
O O O
O O
O O O O
O O
O
O
O
O
O O O
O O
O O O
O O O O
O O O O O
O O O O O
O O O 
O O O O O O
O O O O O O O
O O O O O O O
O O O O
O O O O O
O O O O O O O O O O
O O O O O
O O O O O O
O O O O O
O O O O O O O O
O O O O O
O O O O O
O O O O O
O O O O O O
O O O
O O O O O O O
O O O O O O O
O O O O O O O O
O O O O
O O O O O
O O O
O O O
O O O O O O O
O O O O O
O O O O O
O O O O O O O O
O O O
O O O O O
O O O O O O
O O O O O O
O O O O O O
O O O O O O O O
O O O O O O O O
O O O O O O O O O
O O O O O O O
O O O O O O O
O O O O O O O
O O O O O O O
O O O O O O
O O O O O O O O
O O O O O O O O
O O O O O B-language
O O O O O B-language
O O O O B-language
O O O O O O O O B-language O
O O O O O O O B-language O O O
O O O O B-language O O B-language
O O O O O O O O B-language O B-language
O O O O O B-language O
O O O O O O O B-language O O B-language
O O O O O O O O O B-language O O O
O O O B-language O O B-language
O O O O O O B-language O O B-language
O O O O O O O O O
O O O O O O O O O O O O
O O O O O O O O O
O O O O O O B-language
O O O O B-language
O O O O B-language
O O O O O O O B-language
O O O O O O B-language
O O O O B-language
O O O O O O B-language
O O O O B-language O
O O O O O B-language
O O O O O B-language
O O O O O O B-language
O O O O O O O O O O O B-language
O O O B-language
O O O O B-language
O O O O O O B-language
O O O O O O B-language
O O O O O O B-language
O O O O B-language O O O
O O O O O O O B-language
O O O O O O B-language
O O O O B-language
O O O O O O O B-language
O O O O O B-language
O O O O O O O O O B-language
O O O O O O O O O O B-language
O O O O O O B-language
O O O O B-language O O O
O O O O O O B-language
O O O O O O B-language
O O O O B-language O O O 
O O O O B-language  O O
O O O O O O O O B-language
O O O O O B-language O
O O O O O O O O B-language
O O O O O O O
O O O O O O
O O O O O O O B-language
O O O O O O B-language
O O O O
O O O O O O B-language
O O O O O O O O
O O O O O O O B-language
O O O O O O O
O O O B-language
O O O B-language O O O
O O O O B-language
O O O B-language
O O O O O O B-language
O O O O O O B-language I-language 
O O O O O O B-language
O O O B-language O
O O O O O O B-language O O
O O O O O B-location
O O O O O O O B-location
O O O O O O O O O O B-location
O O O O O O O O B-location
O O B-location
O O O O O O B-location I-location
O O O O B-location
O O O O O B-location
O O O O O B-location
O O O O O O O B-location
O O O O O O B-location
O O O O O O O B-location
O O O O O O O B-location
O O O O O B-location
O O O O O O B-location
O O O O O O O B-location
O O O O O B-location
O O O O B-location
O O O O O B-location O
O O O O O B-location O
O O O B-location O
O O O O O O O B-location
O O O B-location
O O O O O O O B-location
O O O O O O B-location I-location I-location
O O O O O O O O O B-location I-location I-location
O O O O O O O O B-location I-location I-location
O O O O O O B-location I-location I-location
O
O O
O O O
O O
O O O
O O O O
O O
O
O O O B-location
O O O O O O B-location O
O O O O O O B-location
O O O B-location I-location
O O O O O O B-location I-location O
O O O O O O B-location I-location
